[14:30:46.898] INFO App instance name : web
[14:30:46.899] INFO app name : web
[14:30:46.900] INFO ENV : local
[14:30:46.900] INFO process env : undefined, local
[14:30:46.900] INFO db info :undefined
[14:30:46.904] INFO [Web] <local> Web server is running on port 8080
[14:30:46.904] INFO [Web] Starts at...2024-01-19T14:30:46+09:00
[14:32:32.047] INFO index here
[14:33:22.871] INFO App instance name : web
[14:33:22.872] INFO app name : web
[14:33:22.873] INFO ENV : local
[14:33:22.873] INFO process env : undefined, local
[14:33:22.873] INFO db info :undefined
[14:33:22.875] INFO [Web] <local> Web server is running on port 8080
[14:33:22.875] INFO [Web] Starts at...2024-01-19T14:33:22+09:00
[14:33:29.520] INFO index here
[14:37:04.643] INFO App instance name : web
[14:37:04.644] INFO app name : web
[14:37:04.645] INFO ENV : local
[14:37:04.645] INFO process env : undefined, local
[14:37:04.645] INFO db info :undefined
[14:37:04.647] INFO [Web] <local> Web server is running on port 8080
[14:37:04.648] INFO [Web] Starts at...2024-01-19T14:37:04+09:00
[14:37:05.572] INFO index here
[14:37:06.485] INFO index here
[14:37:06.916] INFO index here
[14:37:50.643] INFO App instance name : web
[14:37:50.644] INFO app name : web
[14:37:50.645] INFO ENV : local
[14:37:50.645] INFO process env : undefined, local
[14:37:50.645] INFO db info :undefined
[14:37:50.647] INFO [Web] <local> Web server is running on port 8080
[14:37:50.647] INFO [Web] Starts at...2024-01-19T14:37:50+09:00
[14:37:52.311] INFO index here
[14:37:52.334] INFO [object Object],[object Object],[object Object],[object Object],[object Object]
[14:38:04.859] INFO App instance name : web
[14:38:04.861] INFO app name : web
[14:38:04.862] INFO ENV : local
[14:38:04.862] INFO process env : undefined, local
[14:38:04.862] INFO db info :undefined
[14:38:04.864] INFO [Web] <local> Web server is running on port 8080
[14:38:04.864] INFO [Web] Starts at...2024-01-19T14:38:04+09:00
[14:38:15.490] INFO index here
[14:38:15.506] INFO 6
[14:38:28.242] INFO App instance name : web
[14:38:28.243] INFO app name : web
[14:38:28.244] INFO ENV : local
[14:38:28.244] INFO process env : undefined, local
[14:38:28.245] INFO db info :undefined
[14:38:28.246] INFO [Web] <local> Web server is running on port 8080
[14:38:28.247] INFO [Web] Starts at...2024-01-19T14:38:28+09:00
[14:38:35.812] INFO App instance name : web
[14:38:35.813] INFO app name : web
[14:38:35.814] INFO ENV : local
[14:38:35.815] INFO process env : undefined, local
[14:38:35.815] INFO db info :undefined
[14:38:35.816] INFO [Web] <local> Web server is running on port 8080
[14:38:35.817] INFO [Web] Starts at...2024-01-19T14:38:35+09:00
[14:38:36.737] INFO index here
[14:38:36.761] INFO 15
[14:38:44.554] INFO App instance name : web
[14:38:44.556] INFO app name : web
[14:38:44.557] INFO ENV : local
[14:38:44.557] INFO process env : undefined, local
[14:38:44.557] INFO db info :undefined
[14:38:44.559] INFO [Web] <local> Web server is running on port 8080
[14:38:44.559] INFO [Web] Starts at...2024-01-19T14:38:44+09:00
[14:38:47.446] INFO index here
[14:38:47.470] INFO 101
[14:38:57.749] INFO App instance name : web
[14:38:57.751] INFO app name : web
[14:38:57.752] INFO ENV : local
[14:38:57.752] INFO process env : undefined, local
[14:38:57.752] INFO db info :undefined
[14:38:57.754] INFO [Web] <local> Web server is running on port 8080
[14:38:57.754] INFO [Web] Starts at...2024-01-19T14:38:57+09:00
[14:38:59.353] INFO index here
[14:38:59.380] INFO 18
[14:39:16.601] INFO App instance name : web
[14:39:16.602] INFO app name : web
[14:39:16.603] INFO ENV : local
[14:39:16.603] INFO process env : undefined, local
[14:39:16.603] INFO db info :undefined
[14:39:16.605] INFO [Web] <local> Web server is running on port 8080
[14:39:16.606] INFO [Web] Starts at...2024-01-19T14:39:16+09:00
[14:39:25.774] INFO App instance name : web
[14:39:25.775] INFO app name : web
[14:39:25.776] INFO ENV : local
[14:39:25.776] INFO process env : undefined, local
[14:39:25.776] INFO db info :undefined
[14:39:25.778] INFO [Web] <local> Web server is running on port 8080
[14:39:25.778] INFO [Web] Starts at...2024-01-19T14:39:25+09:00
[14:39:27.046] INFO index here
[14:39:27.086] INFO 0
[14:39:27.086] INFO hi
[14:40:41.031] INFO index here
[14:40:41.046] INFO 0
[14:40:41.047] INFO hi
[14:41:10.255] INFO App instance name : web
[14:41:10.257] INFO app name : web
[14:41:10.258] INFO ENV : local
[14:41:10.258] INFO process env : undefined, local
[14:41:10.258] INFO db info :undefined
[14:41:10.260] INFO [Web] <local> Web server is running on port 8080
[14:41:10.260] INFO [Web] Starts at...2024-01-19T14:41:10+09:00
[14:41:11.261] INFO index here
[14:41:11.282] INFO 0
[14:41:11.282] INFO hi
[14:41:34.399] INFO App instance name : web
[14:41:34.400] INFO app name : web
[14:41:34.401] INFO ENV : local
[14:41:34.401] INFO process env : undefined, local
[14:41:34.401] INFO db info :undefined
[14:41:34.403] INFO [Web] <local> Web server is running on port 8080
[14:41:34.403] INFO [Web] Starts at...2024-01-19T14:41:34+09:00
[14:41:35.234] INFO index here
[14:41:35.257] INFO 9
[14:41:35.258] INFO hi
[14:41:51.392] INFO App instance name : web
[14:41:51.393] INFO app name : web
[14:41:51.394] INFO ENV : local
[14:41:51.394] INFO process env : undefined, local
[14:41:51.394] INFO db info :undefined
[14:41:51.396] INFO [Web] <local> Web server is running on port 8080
[14:41:51.396] INFO [Web] Starts at...2024-01-19T14:41:51+09:00
[14:41:57.823] INFO index here
[14:41:57.844] INFO 11
[14:41:57.844] INFO hi
[14:42:19.855] INFO index here
[14:42:19.864] INFO 11
[14:42:19.864] INFO hi
[14:43:05.443] INFO App instance name : web
[14:43:05.444] INFO app name : web
[14:43:05.445] INFO ENV : local
[14:43:05.445] INFO process env : undefined, local
[14:43:05.446] INFO db info :undefined
[14:43:05.447] INFO [Web] <local> Web server is running on port 8080
[14:43:05.448] INFO [Web] Starts at...2024-01-19T14:43:05+09:00
[14:43:06.277] INFO index here
[14:43:06.303] INFO 1
[14:43:06.304] INFO hi
[14:43:15.959] INFO App instance name : web
[14:43:15.962] INFO app name : web
[14:43:15.964] INFO ENV : local
[14:43:15.964] INFO process env : undefined, local
[14:43:15.964] INFO db info :undefined
[14:43:15.966] INFO [Web] <local> Web server is running on port 8080
[14:43:15.966] INFO [Web] Starts at...2024-01-19T14:43:15+09:00
[14:43:16.668] INFO index here
[14:43:16.688] INFO 1
[14:43:16.689] INFO hi
[14:43:22.342] INFO App instance name : web
[14:43:22.344] INFO app name : web
[14:43:22.345] INFO ENV : local
[14:43:22.345] INFO process env : undefined, local
[14:43:22.345] INFO db info :undefined
[14:43:22.347] INFO [Web] <local> Web server is running on port 8080
[14:43:22.347] INFO [Web] Starts at...2024-01-19T14:43:22+09:00
[14:43:23.525] INFO index here
[14:43:23.548] INFO 1
[14:43:23.548] INFO hi
[14:43:33.540] INFO App instance name : web
[14:43:33.541] INFO app name : web
[14:43:33.542] INFO ENV : local
[14:43:33.542] INFO process env : undefined, local
[14:43:33.542] INFO db info :undefined
[14:43:33.544] INFO [Web] <local> Web server is running on port 8080
[14:43:33.544] INFO [Web] Starts at...2024-01-19T14:43:33+09:00
[14:43:35.108] INFO index here
[14:43:35.129] INFO 1
[14:43:35.129] INFO hi
[14:48:47.057] INFO App instance name : web
[14:48:47.058] INFO app name : web
[14:48:47.059] INFO ENV : local
[14:48:47.059] INFO process env : undefined, local
[14:48:47.059] INFO db info :undefined
[14:48:47.061] INFO [Web] <local> Web server is running on port 8080
[14:48:47.061] INFO [Web] Starts at...2024-01-19T14:48:47+09:00
[14:48:50.239] INFO index here
[14:48:50.270] INFO 1
[14:48:50.271] INFO hi
[14:48:57.984] INFO App instance name : web
[14:48:57.985] INFO app name : web
[14:48:57.986] INFO ENV : local
[14:48:57.986] INFO process env : undefined, local
[14:48:57.986] INFO db info :undefined
[14:48:57.988] INFO [Web] <local> Web server is running on port 8080
[14:48:57.988] INFO [Web] Starts at...2024-01-19T14:48:57+09:00
[14:48:59.217] INFO index here
[14:48:59.242] INFO 1
[14:48:59.242] INFO hi
[14:49:05.117] INFO App instance name : web
[14:49:05.119] INFO app name : web
[14:49:05.119] INFO ENV : local
[14:49:05.120] INFO process env : undefined, local
[14:49:05.120] INFO db info :undefined
[14:49:05.121] INFO [Web] <local> Web server is running on port 8080
[14:49:05.122] INFO [Web] Starts at...2024-01-19T14:49:05+09:00
[14:49:05.859] INFO index here
[14:49:05.879] INFO 1
[14:49:05.879] INFO hi
[14:49:17.337] INFO App instance name : web
[14:49:17.338] INFO app name : web
[14:49:17.339] INFO ENV : local
[14:49:17.339] INFO process env : undefined, local
[14:49:17.339] INFO db info :undefined
[14:49:17.341] INFO [Web] <local> Web server is running on port 8080
[14:49:17.341] INFO [Web] Starts at...2024-01-19T14:49:17+09:00
[14:49:18.344] INFO index here
[14:49:18.368] INFO 1
[14:49:18.368] INFO hi
[14:49:30.527] INFO App instance name : web
[14:49:30.529] INFO app name : web
[14:49:30.530] INFO ENV : local
[14:49:30.530] INFO process env : undefined, local
[14:49:30.530] INFO db info :undefined
[14:49:30.532] INFO [Web] <local> Web server is running on port 8080
[14:49:30.532] INFO [Web] Starts at...2024-01-19T14:49:30+09:00
[14:49:31.312] INFO index here
[14:49:31.324] INFO 1
[14:49:31.324] INFO hi
[14:50:02.187] INFO App instance name : web
[14:50:02.188] INFO app name : web
[14:50:02.189] INFO ENV : local
[14:50:02.189] INFO process env : undefined, local
[14:50:02.189] INFO db info :undefined
[14:50:02.191] INFO [Web] <local> Web server is running on port 8080
[14:50:02.191] INFO [Web] Starts at...2024-01-19T14:50:02+09:00
[14:50:02.936] INFO index here
[14:50:02.961] INFO 1
[14:50:02.962] INFO hi
[14:50:03.454] INFO index here
[14:50:03.459] INFO 1
[14:50:03.460] INFO hi
[14:50:10.132] INFO App instance name : web
[14:50:10.133] INFO app name : web
[14:50:10.134] INFO ENV : local
[14:50:10.134] INFO process env : undefined, local
[14:50:10.134] INFO db info :undefined
[14:50:10.136] INFO [Web] <local> Web server is running on port 8080
[14:50:10.136] INFO [Web] Starts at...2024-01-19T14:50:10+09:00
[14:50:56.223] INFO App instance name : web
[14:50:56.224] INFO app name : web
[14:50:56.225] INFO ENV : local
[14:50:56.225] INFO process env : undefined, local
[14:50:56.225] INFO db info :undefined
[14:50:56.227] INFO [Web] <local> Web server is running on port 8080
[14:50:56.227] INFO [Web] Starts at...2024-01-19T14:50:56+09:00
[14:50:58.039] INFO index here
[14:50:58.060] INFO 1
[14:50:58.061] INFO hi
[14:50:58.643] INFO index here
[14:50:58.655] INFO 1
[14:50:58.655] INFO hi
[14:51:34.023] INFO App instance name : web
[14:51:34.025] INFO app name : web
[14:51:34.025] INFO ENV : local
[14:51:34.026] INFO process env : undefined, local
[14:51:34.026] INFO db info :undefined
[14:51:34.028] INFO [Web] <local> Web server is running on port 8080
[14:51:34.028] INFO [Web] Starts at...2024-01-19T14:51:34+09:00
[14:51:34.906] INFO index here
[14:51:34.934] INFO 1
[14:51:34.935] INFO hi
[14:51:43.166] INFO App instance name : web
[14:51:43.168] INFO app name : web
[14:51:43.169] INFO ENV : local
[14:51:43.169] INFO process env : undefined, local
[14:51:43.169] INFO db info :undefined
[14:51:43.171] INFO [Web] <local> Web server is running on port 8080
[14:51:43.171] INFO [Web] Starts at...2024-01-19T14:51:43+09:00
[14:51:58.453] INFO App instance name : web
[14:51:58.454] INFO app name : web
[14:51:58.455] INFO ENV : local
[14:51:58.455] INFO process env : undefined, local
[14:51:58.455] INFO db info :undefined
[14:51:58.457] INFO [Web] <local> Web server is running on port 8080
[14:51:58.457] INFO [Web] Starts at...2024-01-19T14:51:58+09:00
[14:51:59.232] INFO index here
[14:51:59.256] INFO 1
[14:51:59.257] INFO hi
[14:52:10.768] INFO App instance name : web
[14:52:10.770] INFO app name : web
[14:52:10.771] INFO ENV : local
[14:52:10.771] INFO process env : undefined, local
[14:52:10.771] INFO db info :undefined
[14:52:10.773] INFO [Web] <local> Web server is running on port 8080
[14:52:10.773] INFO [Web] Starts at...2024-01-19T14:52:10+09:00
[14:52:11.815] INFO index here
[14:52:11.834] INFO hi
[14:52:20.197] INFO App instance name : web
[14:52:20.198] INFO app name : web
[14:52:20.199] INFO ENV : local
[14:52:20.199] INFO process env : undefined, local
[14:52:20.199] INFO db info :undefined
[14:52:20.201] INFO [Web] <local> Web server is running on port 8080
[14:52:20.202] INFO [Web] Starts at...2024-01-19T14:52:20+09:00
[14:52:22.317] INFO index here
[14:52:22.339] INFO 1
[14:52:22.340] INFO hi
[14:53:05.225] INFO App instance name : web
[14:53:05.227] INFO app name : web
[14:53:05.228] INFO ENV : local
[14:53:05.228] INFO process env : undefined, local
[14:53:05.228] INFO db info :undefined
[14:53:05.230] INFO [Web] <local> Web server is running on port 8080
[14:53:05.230] INFO [Web] Starts at...2024-01-19T14:53:05+09:00
[14:53:06.369] INFO index here
[14:53:06.393] INFO 1
[14:53:06.394] INFO hi
[14:53:18.515] INFO App instance name : web
[14:53:18.517] INFO app name : web
[14:53:18.517] INFO ENV : local
[14:53:18.518] INFO process env : undefined, local
[14:53:18.518] INFO db info :undefined
[14:53:18.519] INFO [Web] <local> Web server is running on port 8080
[14:53:18.520] INFO [Web] Starts at...2024-01-19T14:53:18+09:00
[14:57:04.120] INFO index here
[14:57:30.245] INFO App instance name : web
[14:57:30.247] INFO app name : web
[14:57:30.248] INFO ENV : local
[14:57:30.248] INFO process env : undefined, local
[14:57:30.248] INFO db info :undefined
[14:57:30.250] INFO [Web] <local> Web server is running on port 8080
[14:57:30.251] INFO [Web] Starts at...2024-01-19T14:57:30+09:00
[14:58:05.063] INFO index here
[14:58:06.220] INFO index here
[14:58:06.745] INFO index here
[14:58:07.224] INFO index here
[14:58:32.097] INFO App instance name : web
[14:58:32.098] INFO app name : web
[14:58:32.099] INFO ENV : local
[14:58:32.100] INFO process env : undefined, local
[14:58:32.100] INFO db info :undefined
[14:58:32.102] INFO [Web] <local> Web server is running on port 8080
[14:58:32.102] INFO [Web] Starts at...2024-01-19T14:58:32+09:00
[14:58:32.912] INFO index here
[14:58:41.910] INFO App instance name : web
[14:58:41.911] INFO app name : web
[14:58:41.912] INFO ENV : local
[14:58:41.912] INFO process env : undefined, local
[14:58:41.912] INFO db info :undefined
[14:58:41.914] INFO [Web] <local> Web server is running on port 8080
[14:58:41.915] INFO [Web] Starts at...2024-01-19T14:58:41+09:00
[14:58:45.517] INFO index here
[14:58:46.144] INFO index here
[14:58:56.079] INFO App instance name : web
[14:58:56.081] INFO app name : web
[14:58:56.082] INFO ENV : local
[14:58:56.082] INFO process env : undefined, local
[14:58:56.082] INFO db info :undefined
[14:58:56.084] INFO [Web] <local> Web server is running on port 8080
[14:58:56.084] INFO [Web] Starts at...2024-01-19T14:58:56+09:00
[14:58:56.875] INFO index here
[14:58:57.659] INFO index here
[14:58:57.996] INFO index here
[14:58:58.328] INFO index here
[14:58:58.740] INFO index here
[14:59:02.364] INFO index here
[14:59:06.694] INFO App instance name : web
[14:59:06.695] INFO app name : web
[14:59:06.696] INFO ENV : local
[14:59:06.696] INFO process env : undefined, local
[14:59:06.696] INFO db info :undefined
[14:59:06.698] INFO [Web] <local> Web server is running on port 8080
[14:59:06.698] INFO [Web] Starts at...2024-01-19T14:59:06+09:00
[14:59:08.698] INFO index here
[15:00:02.205] INFO App instance name : web
[15:00:02.207] INFO app name : web
[15:00:02.207] INFO ENV : local
[15:00:02.208] INFO process env : undefined, local
[15:00:02.208] INFO db info :undefined
[15:00:02.209] INFO [Web] <local> Web server is running on port 8080
[15:00:02.210] INFO [Web] Starts at...2024-01-19T15:00:02+09:00
[15:00:03.351] INFO index here
[15:00:03.959] INFO index here
[15:00:04.425] INFO index here
[15:00:05.214] INFO index here
[15:00:13.453] INFO App instance name : web
[15:00:13.455] INFO app name : web
[15:00:13.456] INFO ENV : local
[15:00:13.456] INFO process env : undefined, local
[15:00:13.456] INFO db info :undefined
[15:00:13.458] INFO [Web] <local> Web server is running on port 8080
[15:00:13.458] INFO [Web] Starts at...2024-01-19T15:00:13+09:00
[15:00:20.509] INFO index here
[15:00:21.261] INFO index here
[15:00:23.989] INFO index here
[15:01:07.186] INFO App instance name : web
[15:01:07.187] INFO app name : web
[15:01:07.188] INFO ENV : local
[15:01:07.188] INFO process env : undefined, local
[15:01:07.189] INFO db info :undefined
[15:01:07.190] INFO [Web] <local> Web server is running on port 8080
[15:01:07.191] INFO [Web] Starts at...2024-01-19T15:01:07+09:00
[15:01:08.127] INFO index here
[18:30:17.760] INFO index here
[18:31:45.943] INFO App instance name : web
[18:31:45.945] INFO app name : web
[18:31:45.946] INFO ENV : local
[18:31:45.946] INFO process env : undefined, local
[18:31:45.946] INFO db info :undefined
[18:31:45.948] INFO [Web] <local> Web server is running on port 8080
[18:31:45.948] INFO [Web] Starts at...2024-01-19T18:31:45+09:00
[18:31:49.601] INFO index here
[18:32:15.576] INFO App instance name : web
[18:32:15.577] INFO app name : web
[18:32:15.578] INFO ENV : local
[18:32:15.578] INFO process env : undefined, local
[18:32:15.578] INFO db info :undefined
[18:32:15.580] INFO [Web] <local> Web server is running on port 8080
[18:32:15.580] INFO [Web] Starts at...2024-01-19T18:32:15+09:00
[18:32:46.970] INFO App instance name : web
[18:32:46.971] INFO app name : web
[18:32:46.972] INFO ENV : local
[18:32:46.972] INFO process env : undefined, local
[18:32:46.972] INFO db info :undefined
[18:32:46.974] INFO [Web] <local> Web server is running on port 8080
[18:32:46.974] INFO [Web] Starts at...2024-01-19T18:32:46+09:00
[18:32:53.325] INFO index here
[18:32:54.143] INFO index here
[18:33:01.471] INFO App instance name : web
[18:33:01.473] INFO app name : web
[18:33:01.474] INFO ENV : local
[18:33:01.474] INFO process env : undefined, local
[18:33:01.474] INFO db info :undefined
[18:33:01.476] INFO [Web] <local> Web server is running on port 8080
[18:33:01.476] INFO [Web] Starts at...2024-01-19T18:33:01+09:00
[18:33:06.198] INFO App instance name : web
[18:33:06.199] INFO app name : web
[18:33:06.200] INFO ENV : local
[18:33:06.200] INFO process env : undefined, local
[18:33:06.201] INFO db info :undefined
[18:33:06.202] INFO [Web] <local> Web server is running on port 8080
[18:33:06.203] INFO [Web] Starts at...2024-01-19T18:33:06+09:00
[18:33:07.763] INFO index here
[18:33:16.570] INFO App instance name : web
[18:33:16.571] INFO app name : web
[18:33:16.572] INFO ENV : local
[18:33:16.572] INFO process env : undefined, local
[18:33:16.572] INFO db info :undefined
[18:33:16.574] INFO [Web] <local> Web server is running on port 8080
[18:33:16.574] INFO [Web] Starts at...2024-01-19T18:33:16+09:00
[18:33:46.153] INFO App instance name : web
[18:33:46.155] INFO app name : web
[18:33:46.156] INFO ENV : local
[18:33:46.156] INFO process env : undefined, local
[18:33:46.156] INFO db info :undefined
[18:33:46.158] INFO [Web] <local> Web server is running on port 8080
[18:33:46.158] INFO [Web] Starts at...2024-01-19T18:33:46+09:00
[18:33:46.969] INFO index here
[18:34:16.665] INFO App instance name : web
[18:34:16.666] INFO app name : web
[18:34:16.667] INFO ENV : local
[18:34:16.667] INFO process env : undefined, local
[18:34:16.667] INFO db info :undefined
[18:34:16.669] INFO [Web] <local> Web server is running on port 8080
[18:34:16.669] INFO [Web] Starts at...2024-01-19T18:34:16+09:00
[18:34:17.680] INFO index here
[18:34:19.990] INFO index here
